# JRE version: Java(TM) SE Runtime Environment (8.0_66-b18) (build 1.8.0_66-b18)
# Java VM: Java HotSpot(TM) 64-Bit Server VM (25.66-b18 mixed mode windows-amd64 compressed oops)
Heap:
 PSYoungGen      total 44032K, used 34766K [0x00000007bc400000, 0x00000007c0000000, 0x00000007c0000000)
  eden space 30720K, 71% used [0x00000007bc400000,0x00000007bd955b28,0x00000007be200000)
  from space 13312K, 97% used [0x00000007be200000,0x00000007bee9dfc0,0x00000007bef00000)
  to   space 16384K, 0% used [0x00000007bf000000,0x00000007bf000000,0x00000007c0000000)
 ParOldGen       total 171008K, used 92014K [0x0000000700000000, 0x000000070a700000, 0x00000007bc400000)
  object space 171008K, 53% used [0x0000000700000000,0x00000007059dba10,0x000000070a700000)
 Metaspace       used 81985K, capacity 82510K, committed 83200K, reserved 1120256K
  class space    used 12081K, capacity 12189K, committed 12288K, reserved 1048576K
GC Heap History (10 events):
Event: 7668.997 GC heap before
{Heap before GC invocations=478 (full 11):
 PSYoungGen      total 47616K, used 47584K [0x00000007bc400000, 0x00000007c0000000, 0x00000007c0000000)
  eden space 39936K, 100% used [0x00000007bc400000,0x00000007beb00000,0x00000007beb00000)
  from space 7680K, 99% used [0x00000007bf880000,0x00000007bfff8030,0x00000007c0000000)
  to   space 10752K, 0% used [0x00000007beb00000,0x00000007beb00000,0x00000007bf580000)
 ParOldGen       total 171008K, used 91806K [0x0000000700000000, 0x000000070a700000, 0x00000007bc400000)
  object space 171008K, 53% used [0x0000000700000000,0x00000007059a7a10,0x000000070a700000)
 Metaspace       used 81482K, capacity 81956K, committed 82560K, reserved 1120256K
  class space    used 11932K, capacity 12054K, committed 12160K, reserved 1048576K
Event: 7669.002 GC heap after
Heap after GC invocations=478 (full 11):
 PSYoungGen      total 50176K, used 10057K [0x00000007bc400000, 0x00000007c0000000, 0x00000007c0000000)
  eden space 39936K, 0% used [0x00000007bc400000,0x00000007bc400000,0x00000007beb00000)
  from space 10240K, 98% used [0x00000007beb00000,0x00000007bf4d25d0,0x00000007bf500000)
  to   space 11264K, 0% used [0x00000007bf500000,0x00000007bf500000,0x00000007c0000000)
 ParOldGen       total 171008K, used 91806K [0x0000000700000000, 0x000000070a700000, 0x00000007bc400000)
  object space 171008K, 53% used [0x0000000700000000,0x00000007059a7a10,0x000000070a700000)
 Metaspace       used 81482K, capacity 81956K, committed 82560K, reserved 1120256K
  class space    used 11932K, capacity 12054K, committed 12160K, reserved 1048576K
}
Event: 7669.400 GC heap before
{Heap before GC invocations=479 (full 11):
 PSYoungGen      total 50176K, used 49993K [0x00000007bc400000, 0x00000007c0000000, 0x00000007c0000000)
  eden space 39936K, 100% used [0x00000007bc400000,0x00000007beb00000,0x00000007beb00000)
  from space 10240K, 98% used [0x00000007beb00000,0x00000007bf4d25d0,0x00000007bf500000)
  to   space 11264K, 0% used [0x00000007bf500000,0x00000007bf500000,0x00000007c0000000)
 ParOldGen       total 171008K, used 91806K [0x0000000700000000, 0x000000070a700000, 0x00000007bc400000)
  object space 171008K, 53% used [0x0000000700000000,0x00000007059a7a10,0x000000070a700000)
 Metaspace       used 81927K, capacity 82382K, committed 82944K, reserved 1120256K
  class space    used 12074K, capacity 12189K, committed 12288K, reserved 1048576K
Event: 7669.406 GC heap after
Heap after GC invocations=479 (full 11):
 PSYoungGen      total 46080K, used 11234K [0x00000007bc400000, 0x00000007c0000000, 0x00000007c0000000)
  eden space 34816K, 0% used [0x00000007bc400000,0x00000007bc400000,0x00000007be600000)
  from space 11264K, 99% used [0x00000007bf500000,0x00000007bfff8ab0,0x00000007c0000000)
  to   space 13312K, 0% used [0x00000007be600000,0x00000007be600000,0x00000007bf300000)
 ParOldGen       total 171008K, used 92014K [0x0000000700000000, 0x000000070a700000, 0x00000007bc400000)
  object space 171008K, 53% used [0x0000000700000000,0x00000007059dba10,0x000000070a700000)
 Metaspace       used 81927K, capacity 82382K, committed 82944K, reserved 1120256K
  class space    used 12074K, capacity 12189K, committed 12288K, reserved 1048576K
}
Event: 7670.198 GC heap before
{Heap before GC invocations=480 (full 11):
 PSYoungGen      total 46080K, used 46050K [0x00000007bc400000, 0x00000007c0000000, 0x00000007c0000000)
  eden space 34816K, 100% used [0x00000007bc400000,0x00000007be600000,0x00000007be600000)
  from space 11264K, 99% used [0x00000007bf500000,0x00000007bfff8ab0,0x00000007c0000000)
  to   space 13312K, 0% used [0x00000007be600000,0x00000007be600000,0x00000007bf300000)
 ParOldGen       total 171008K, used 92014K [0x0000000700000000, 0x000000070a700000, 0x00000007bc400000)
  object space 171008K, 53% used [0x0000000700000000,0x00000007059dba10,0x000000070a700000)
 Metaspace       used 81932K, capacity 82446K, committed 82944K, reserved 1120256K
  class space    used 12074K, capacity 12189K, committed 12288K, reserved 1048576K
Event: 7670.203 GC heap after
Heap after GC invocations=480 (full 11):
 PSYoungGen      total 46592K, used 11278K [0x00000007bc400000, 0x00000007c0000000, 0x00000007c0000000)
  eden space 34816K, 0% used [0x00000007bc400000,0x00000007bc400000,0x00000007be600000)
  from space 11776K, 95% used [0x00000007be600000,0x00000007bf103b78,0x00000007bf180000)
  to   space 14336K, 0% used [0x00000007bf200000,0x00000007bf200000,0x00000007c0000000)
 ParOldGen       total 171008K, used 92014K [0x0000000700000000, 0x000000070a700000, 0x00000007bc400000)
  object space 171008K, 53% used [0x0000000700000000,0x00000007059dba10,0x000000070a700000)
 Metaspace       used 81932K, capacity 82446K, committed 82944K, reserved 1120256K
  class space    used 12074K, capacity 12189K, committed 12288K, reserved 1048576K
}
Event: 7672.558 GC heap before
{Heap before GC invocations=481 (full 11):
 PSYoungGen      total 46592K, used 46094K [0x00000007bc400000, 0x00000007c0000000, 0x00000007c0000000)
  eden space 34816K, 100% used [0x00000007bc400000,0x00000007be600000,0x00000007be600000)
  from space 11776K, 95% used [0x00000007be600000,0x00000007bf103b78,0x00000007bf180000)
  to   space 14336K, 0% used [0x00000007bf200000,0x00000007bf200000,0x00000007c0000000)
 ParOldGen       total 171008K, used 92014K [0x0000000700000000, 0x000000070a700000, 0x00000007bc400000)
  object space 171008K, 53% used [0x0000000700000000,0x00000007059dba10,0x000000070a700000)
 Metaspace       used 81939K, capacity 82446K, committed 82944K, reserved 1120256K
  class space    used 12074K, capacity 12189K, committed 12288K, reserved 1048576K
Event: 7672.564 GC heap after
Heap after GC invocations=481 (full 11):
 PSYoungGen      total 45056K, used 11411K [0x00000007bc400000, 0x00000007c0000000, 0x00000007c0000000)
  eden space 30720K, 0% used [0x00000007bc400000,0x00000007bc400000,0x00000007be200000)
  from space 14336K, 79% used [0x00000007bf200000,0x00000007bfd24eb0,0x00000007c0000000)
  to   space 15360K, 0% used [0x00000007be200000,0x00000007be200000,0x00000007bf100000)
 ParOldGen       total 171008K, used 92014K [0x0000000700000000, 0x000000070a700000, 0x00000007bc400000)
  object space 171008K, 53% used [0x0000000700000000,0x00000007059dba10,0x000000070a700000)
 Metaspace       used 81939K, capacity 82446K, committed 82944K, reserved 1120256K
  class space    used 12074K, capacity 12189K, committed 12288K, reserved 1048576K
}
Event: 7686.621 GC heap before
{Heap before GC invocations=482 (full 11):
 PSYoungGen      total 45056K, used 42131K [0x00000007bc400000, 0x00000007c0000000, 0x00000007c0000000)
  eden space 30720K, 100% used [0x00000007bc400000,0x00000007be200000,0x00000007be200000)
  from space 14336K, 79% used [0x00000007bf200000,0x00000007bfd24eb0,0x00000007c0000000)
  to   space 15360K, 0% used [0x00000007be200000,0x00000007be200000,0x00000007bf100000)
 ParOldGen       total 171008K, used 92014K [0x0000000700000000, 0x000000070a700000, 0x00000007bc400000)
  object space 171008K, 53% used [0x0000000700000000,0x00000007059dba10,0x000000070a700000)
 Metaspace       used 81983K, capacity 82510K, committed 83200K, reserved 1120256K
  class space    used 12081K, capacity 12189K, committed 12288K, reserved 1048576K
Event: 7686.626 GC heap after
Heap after GC invocations=482 (full 11):
 PSYoungGen      total 44032K, used 12919K [0x00000007bc400000, 0x00000007c0000000, 0x00000007c0000000)
  eden space 30720K, 0% used [0x00000007bc400000,0x00000007bc400000,0x00000007be200000)
  from space 13312K, 97% used [0x00000007be200000,0x00000007bee9dfc0,0x00000007bef00000)
  to   space 16384K, 0% used [0x00000007bf000000,0x00000007bf000000,0x00000007c0000000)
 ParOldGen       total 171008K, used 92014K [0x0000000700000000, 0x000000070a700000, 0x00000007bc400000)
  object space 171008K, 53% used [0x0000000700000000,0x00000007059dba10,0x000000070a700000)
 Metaspace       used 81983K, capacity 82510K, committed 83200K, reserved 1120256K
  class space    used 12081K, capacity 12189K, committed 12288K, reserved 1048576K
}

